c:\users\owner\desktop\friday submission complexgamesystemproject-4\complexgamesystemproject-4\complexgamesystemproject-4\behaviouralai\debug\vc140.pdb
c:\users\owner\desktop\friday submission complexgamesystemproject-4\complexgamesystemproject-4\complexgamesystemproject-4\behaviouralai\debug\vc140.idb
c:\users\owner\desktop\friday submission complexgamesystemproject-4\complexgamesystemproject-4\complexgamesystemproject-4\behaviouralai\debug\baseapplication.obj
c:\users\owner\desktop\friday submission complexgamesystemproject-4\complexgamesystemproject-4\complexgamesystemproject-4\behaviouralai\debug\basenpc.obj
c:\users\owner\desktop\friday submission complexgamesystemproject-4\complexgamesystemproject-4\complexgamesystemproject-4\behaviouralai\debug\camera.obj
c:\users\owner\desktop\friday submission complexgamesystemproject-4\complexgamesystemproject-4\complexgamesystemproject-4\behaviouralai\debug\genetics.obj
c:\users\owner\desktop\friday submission complexgamesystemproject-4\complexgamesystemproject-4\complexgamesystemproject-4\behaviouralai\debug\geneticsapplication.obj
c:\users\owner\desktop\friday submission complexgamesystemproject-4\complexgamesystemproject-4\complexgamesystemproject-4\behaviouralai\debug\geneticsnpc.obj
c:\users\owner\desktop\friday submission complexgamesystemproject-4\complexgamesystemproject-4\complexgamesystemproject-4\behaviouralai\debug\gizmos.obj
c:\users\owner\desktop\friday submission complexgamesystemproject-4\complexgamesystemproject-4\complexgamesystemproject-4\behaviouralai\debug\main.obj
c:\users\owner\desktop\friday submission complexgamesystemproject-4\complexgamesystemproject-4\complexgamesystemproject-4\behaviouralai\debug\randnpc.obj
c:\users\owner\desktop\friday submission complexgamesystemproject-4\complexgamesystemproject-4\complexgamesystemproject-4\behaviouralai\debug\utilitynpc.obj
c:\users\owner\desktop\friday submission complexgamesystemproject-4\complexgamesystemproject-4\complexgamesystemproject-4\behaviouralai\debug\utilityscore.obj
c:\users\owner\desktop\friday submission complexgamesystemproject-4\complexgamesystemproject-4\complexgamesystemproject-4\behaviouralai\debug\utilityvalue.obj
c:\users\owner\desktop\friday submission complexgamesystemproject-4\complexgamesystemproject-4\complexgamesystemproject-4\behaviouralai\debug\world.obj
c:\users\owner\desktop\friday submission complexgamesystemproject-4\complexgamesystemproject-4\complexgamesystemproject-4\behaviouralai\debug\gl_core_4_4.obj
c:\users\owner\desktop\friday submission complexgamesystemproject-4\complexgamesystemproject-4\complexgamesystemproject-4\behaviouralai\bin\behaviouralai_d.ilk
c:\users\owner\desktop\friday submission complexgamesystemproject-4\complexgamesystemproject-4\complexgamesystemproject-4\behaviouralai\bin\behaviouralai_d.exe
c:\users\owner\desktop\friday submission complexgamesystemproject-4\complexgamesystemproject-4\complexgamesystemproject-4\behaviouralai\bin\behaviouralai_d.pdb
c:\users\owner\desktop\friday submission complexgamesystemproject-4\complexgamesystemproject-4\complexgamesystemproject-4\behaviouralai\debug\behaviouralai.tlog\cl.command.1.tlog
c:\users\owner\desktop\friday submission complexgamesystemproject-4\complexgamesystemproject-4\complexgamesystemproject-4\behaviouralai\debug\behaviouralai.tlog\cl.read.1.tlog
c:\users\owner\desktop\friday submission complexgamesystemproject-4\complexgamesystemproject-4\complexgamesystemproject-4\behaviouralai\debug\behaviouralai.tlog\cl.write.1.tlog
c:\users\owner\desktop\friday submission complexgamesystemproject-4\complexgamesystemproject-4\complexgamesystemproject-4\behaviouralai\debug\behaviouralai.tlog\link.command.1.tlog
c:\users\owner\desktop\friday submission complexgamesystemproject-4\complexgamesystemproject-4\complexgamesystemproject-4\behaviouralai\debug\behaviouralai.tlog\link.read.1.tlog
c:\users\owner\desktop\friday submission complexgamesystemproject-4\complexgamesystemproject-4\complexgamesystemproject-4\behaviouralai\debug\behaviouralai.tlog\link.write.1.tlog
