c:\users\emily.ryan\desktop\aieprojects-startertemplate\compilerjunk\aie_glrelease\vc120.pdb
c:\users\emily.ryan\desktop\aieprojects-startertemplate\compilerjunk\aie_glrelease\texture.obj
c:\users\emily.ryan\desktop\aieprojects-startertemplate\compilerjunk\aie_glrelease\spritebatch_gl3.obj
c:\users\emily.ryan\desktop\aieprojects-startertemplate\compilerjunk\aie_glrelease\spritebatch.obj
c:\users\emily.ryan\desktop\aieprojects-startertemplate\compilerjunk\aie_glrelease\rendertexture.obj
c:\users\emily.ryan\desktop\aieprojects-startertemplate\compilerjunk\aie_glrelease\lodepng.obj
c:\users\emily.ryan\desktop\aieprojects-startertemplate\compilerjunk\aie_glrelease\input.obj
c:\users\emily.ryan\desktop\aieprojects-startertemplate\compilerjunk\aie_glrelease\font.obj
c:\users\emily.ryan\desktop\aieprojects-startertemplate\compilerjunk\aie_glrelease\application.obj
c:\users\emily.ryan\desktop\aieprojects-startertemplate\aie_gl\bin\aie_gl.lib
c:\users\emily.ryan\documents\emily\aieprojects-startertemplate\compilerjunk\aie_glrelease\application.obj
c:\users\emily.ryan\documents\emily\aieprojects-startertemplate\compilerjunk\aie_glrelease\font.obj
c:\users\emily.ryan\documents\emily\aieprojects-startertemplate\compilerjunk\aie_glrelease\input.obj
c:\users\emily.ryan\documents\emily\aieprojects-startertemplate\compilerjunk\aie_glrelease\lodepng.obj
c:\users\emily.ryan\documents\emily\aieprojects-startertemplate\compilerjunk\aie_glrelease\rendertexture.obj
c:\users\emily.ryan\documents\emily\aieprojects-startertemplate\compilerjunk\aie_glrelease\spritebatch.obj
c:\users\emily.ryan\documents\emily\aieprojects-startertemplate\compilerjunk\aie_glrelease\spritebatch_gl3.obj
c:\users\emily.ryan\documents\emily\aieprojects-startertemplate\compilerjunk\aie_glrelease\texture.obj
c:\users\emily.ryan\documents\emily\aieprojects-startertemplate\compilerjunk\aie_glrelease\vc120.pdb
c:\users\emily.ryan\documents\emily\aieprojects-startertemplate\aie_gl\bin\aie_gl.lib
c:\users\emily.ryan\documents\emily\aieprojects-startertemplate\compilerjunk\aie_glrelease\aie_gl.tlog\cl.command.1.tlog
c:\users\emily.ryan\documents\emily\aieprojects-startertemplate\compilerjunk\aie_glrelease\aie_gl.tlog\cl.read.1.tlog
c:\users\emily.ryan\documents\emily\aieprojects-startertemplate\compilerjunk\aie_glrelease\aie_gl.tlog\cl.write.1.tlog
c:\users\emily.ryan\documents\emily\aieprojects-startertemplate\compilerjunk\aie_glrelease\aie_gl.tlog\lib-link.read.1.tlog
c:\users\emily.ryan\documents\emily\aieprojects-startertemplate\compilerjunk\aie_glrelease\aie_gl.tlog\lib-link.write.1.tlog
c:\users\emily.ryan\documents\emily\aieprojects-startertemplate\compilerjunk\aie_glrelease\aie_gl.tlog\lib.command.1.tlog
